<?xml version="1.0" encoding="UTF-8"?>
<!-- Generated by org.testng.reporters.JUnitReportReporter -->
<testsuite skipped="0" hostname="DESKTOP-QFEM0MH" name="testCase.LoginWithInvalidTestCase" tests="18" failures="0" timestamp="2023-02-25T19:58:08 IST" time="173.969" errors="0">
  <testcase name="chromeLogin" time="7.181" classname="testCase.LoginWithInvalidTestCase"/>
  <system-out/>
  <testcase name="chromeLogin" time="7.361" classname="testCase.LoginWithInvalidTestCase"/>
  <system-out/>
  <testcase name="fireFoxLogin" time="11.221" classname="testCase.LoginWithInvalidTestCase"/>
  <system-out/>
  <testcase name="edgeLogin" time="9.754" classname="testCase.LoginWithInvalidTestCase"/>
  <system-out/>
  <testcase name="fireFoxLogin" time="11.068" classname="testCase.LoginWithInvalidTestCase"/>
  <system-out/>
  <testcase name="fireFoxLogin" time="13.051" classname="testCase.LoginWithInvalidTestCase"/>
  <system-out/>
  <testcase name="edgeLogin" time="8.316" classname="testCase.LoginWithInvalidTestCase"/>
  <system-out/>
  <testcase name="chromeLogin" time="6.894" classname="testCase.LoginWithInvalidTestCase"/>
  <system-out/>
  <testcase name="fireFoxLogin" time="11.846" classname="testCase.LoginWithInvalidTestCase"/>
  <system-out/>
  <testcase name="fireFoxLogin" time="11.993" classname="testCase.LoginWithInvalidTestCase"/>
  <system-out/>
  <testcase name="edgeLogin" time="9.487" classname="testCase.LoginWithInvalidTestCase"/>
  <system-out/>
  <testcase name="chromeLogin" time="9.765" classname="testCase.LoginWithInvalidTestCase"/>
  <system-out/>
  <testcase name="edgeLogin" time="9.140" classname="testCase.LoginWithInvalidTestCase"/>
  <system-out/>
  <testcase name="chromeLogin" time="8.733" classname="testCase.LoginWithInvalidTestCase"/>
  <system-out/>
  <testcase name="chromeLogin" time="7.880" classname="testCase.LoginWithInvalidTestCase"/>
  <system-out/>
  <testcase name="fireFoxLogin" time="11.385" classname="testCase.LoginWithInvalidTestCase"/>
  <system-out/>
  <testcase name="edgeLogin" time="10.028" classname="testCase.LoginWithInvalidTestCase"/>
  <system-out/>
  <testcase name="edgeLogin" time="8.866" classname="testCase.LoginWithInvalidTestCase"/>
  <system-out/>
</testsuite> <!-- testCase.LoginWithInvalidTestCase -->
