<?xml version="1.0" encoding="UTF-8"?>
<!-- Generated by org.testng.reporters.JUnitReportReporter -->
<testsuite skipped="2" hostname="DESKTOP-QFEM0MH" name="testCase.LoginTestCase" tests="3" failures="0" timestamp="2023-02-25T13:49:24 IST" time="6.194" errors="0">
  <testcase name="chromeLogin" time="6.194" classname="testCase.LoginTestCase"/>
  <system-out/>
  <testcase name="edgeLogin" classname="testCase.LoginTestCase">
    <skipped/>
  </testcase> <!-- edgeLogin -->
  <system-out/>
  <testcase name="fireFoxLogin" classname="testCase.LoginTestCase">
    <skipped/>
  </testcase> <!-- fireFoxLogin -->
  <system-out/>
</testsuite> <!-- testCase.LoginTestCase -->
