<?xml version="1.0" encoding="UTF-8"?>
<!-- Generated by org.testng.reporters.JUnitReportReporter -->
<testsuite skipped="0" hostname="DESKTOP-QFEM0MH" name="testCase.LoginWithValidTestCase" tests="3" failures="0" timestamp="2023-02-25T19:58:08 IST" time="28.640" errors="0">
  <testcase name="chromeLogin" time="7.613" classname="testCase.LoginWithValidTestCase"/>
  <system-out/>
  <testcase name="edgeLogin" time="9.196" classname="testCase.LoginWithValidTestCase"/>
  <system-out/>
  <testcase name="fireFoxLogin" time="11.831" classname="testCase.LoginWithValidTestCase"/>
  <system-out/>
</testsuite> <!-- testCase.LoginWithValidTestCase -->
