<?xml version="1.0" encoding="UTF-8"?>
<!-- Generated by org.testng.reporters.JUnitReportReporter -->
<testsuite skipped="0" hostname="DESKTOP-QFEM0MH" name="testCase.SearchStudent" tests="1" failures="0" timestamp="2023-02-25T19:58:08 IST" time="15.809" errors="0">
  <testcase name="searchStudent" time="15.809" classname="testCase.SearchStudent"/>
  <system-out/>
</testsuite> <!-- testCase.SearchStudent -->
