<?xml version="1.0" encoding="UTF-8"?>
<!-- Generated by org.testng.reporters.JUnitReportReporter -->
<testsuite skipped="0" hostname="DESKTOP-QFEM0MH" name="testCase.LogoutTestCase" tests="3" failures="0" timestamp="2023-02-25T19:58:08 IST" time="40.727" errors="0">
  <testcase name="logoutedgebrowser" time="12.814" classname="testCase.LogoutTestCase"/>
  <system-out/>
  <testcase name="logoutChromebrowser" time="11.532" classname="testCase.LogoutTestCase"/>
  <system-out/>
  <testcase name="logoutfirefoxbrowser" time="16.381" classname="testCase.LogoutTestCase"/>
  <system-out/>
</testsuite> <!-- testCase.LogoutTestCase -->
